Flow report for lights
Tue Jan 28 17:48:02 2020
Quartus Prime Version 18.1.0 Build 625 09/12/2018 SJ Standard Edition


---------------------
; Table of Contents ;
---------------------
  1. Legal Notice
  2. Flow Summary
  3. Flow Settings
  4. Flow Non-Default Global Settings
  5. Flow Elapsed Time
  6. Flow OS Summary
  7. Flow Log
  8. Flow Messages
  9. Flow Suppressed Messages



----------------
; Legal Notice ;
----------------
Copyright (C) 2018  Intel Corporation. All rights reserved.
Your use of Intel Corporation's design tools, logic functions 
and other software and tools, and its AMPP partner logic 
functions, and any output files from any of the foregoing 
(including device programming or simulation files), and any 
associated documentation or information are expressly subject 
to the terms and conditions of the Intel Program License 
Subscription Agreement, the Intel Quartus Prime License Agreement,
the Intel FPGA IP License Agreement, or other applicable license
agreement, including, without limitation, that your use is for
the sole purpose of programming logic devices manufactured by
Intel and sold by Intel or its authorized distributors.  Please
refer to the applicable agreement for further details.



+--------------------------------------------------------------------------------------+
; Flow Summary                                                                         ;
+------------------------------------+-------------------------------------------------+
; Flow Status                        ; Successful - Tue Jan 28 17:48:02 2020           ;
; Quartus Prime Version              ; 18.1.0 Build 625 09/12/2018 SJ Standard Edition ;
; Revision Name                      ; lights                                          ;
; Top-level Entity Name              ; lights                                          ;
; Family                             ; Cyclone IV E                                    ;
; Device                             ; EP4CE115F29C7                                   ;
; Timing Models                      ; Final                                           ;
; Total logic elements               ; 4,903 / 114,480 ( 4 % )                         ;
;     Total combinational functions  ; 3,827 / 114,480 ( 3 % )                         ;
;     Dedicated logic registers      ; 3,280 / 114,480 ( 3 % )                         ;
; Total registers                    ; 3399                                            ;
; Total pins                         ; 144 / 529 ( 27 % )                              ;
; Total virtual pins                 ; 0                                               ;
; Total memory bits                  ; 65,664 / 3,981,312 ( 2 % )                      ;
; Embedded Multiplier 9-bit elements ; 6 / 532 ( 1 % )                                 ;
; Total PLLs                         ; 1 / 4 ( 25 % )                                  ;
+------------------------------------+-------------------------------------------------+


+-----------------------------------------+
; Flow Settings                           ;
+-------------------+---------------------+
; Option            ; Setting             ;
+-------------------+---------------------+
; Start date & time ; 01/28/2020 17:46:05 ;
; Main task         ; Compilation         ;
; Revision Name     ; lights              ;
+-------------------+---------------------+


+-----------------------------------------------------------------------------------------------------------------------------+
; Flow Non-Default Global Settings                                                                                            ;
+-------------------------------------+----------------------------------------+---------------+-------------+----------------+
; Assignment Name                     ; Value                                  ; Default Value ; Entity Name ; Section Id     ;
+-------------------------------------+----------------------------------------+---------------+-------------+----------------+
; COMPILER_SIGNATURE_ID               ; 26830024583257.158025156504684         ; --            ; --          ; --             ;
; EDA_OUTPUT_DATA_FORMAT              ; Verilog Hdl                            ; --            ; --          ; eda_simulation ;
; EDA_SIMULATION_TOOL                 ; ModelSim-Altera (Verilog)              ; <None>        ; --          ; --             ;
; EDA_TIME_SCALE                      ; 1 ps                                   ; --            ; --          ; eda_simulation ;
; MAX_CORE_JUNCTION_TEMP              ; 85                                     ; --            ; --          ; --             ;
; MIN_CORE_JUNCTION_TEMP              ; 0                                      ; --            ; --          ; --             ;
; NOMINAL_CORE_SUPPLY_VOLTAGE         ; 1.2V                                   ; --            ; --          ; --             ;
; PARTITION_COLOR                     ; -- (Not supported for targeted family) ; --            ; --          ; Top            ;
; PARTITION_FITTER_PRESERVATION_LEVEL ; -- (Not supported for targeted family) ; --            ; --          ; Top            ;
; PARTITION_NETLIST_TYPE              ; -- (Not supported for targeted family) ; --            ; --          ; Top            ;
; POWER_BOARD_THERMAL_MODEL           ; None (CONSERVATIVE)                    ; --            ; --          ; --             ;
; POWER_PRESET_COOLING_SOLUTION       ; 23 MM HEAT SINK WITH 200 LFPM AIRFLOW  ; --            ; --          ; --             ;
; PROJECT_OUTPUT_DIRECTORY            ; output_files                           ; --            ; --          ; --             ;
+-------------------------------------+----------------------------------------+---------------+-------------+----------------+


+--------------------------------------------------------------------------------------------------------------------------+
; Flow Elapsed Time                                                                                                        ;
+----------------------+--------------+-------------------------+---------------------+------------------------------------+
; Module Name          ; Elapsed Time ; Average Processors Used ; Peak Virtual Memory ; Total CPU Time (on all processors) ;
+----------------------+--------------+-------------------------+---------------------+------------------------------------+
; Analysis & Synthesis ; 00:00:59     ; 1.0                     ; 1235 MB             ; 00:01:56                           ;
; Fitter               ; 00:00:36     ; 1.1                     ; 1821 MB             ; 00:00:53                           ;
; Assembler            ; 00:00:04     ; 1.0                     ; 873 MB              ; 00:00:04                           ;
; Timing Analyzer      ; 00:00:05     ; 1.2                     ; 1012 MB             ; 00:00:05                           ;
; EDA Netlist Writer   ; 00:00:06     ; 1.0                     ; 1163 MB             ; 00:00:05                           ;
; Total                ; 00:01:50     ; --                      ; --                  ; 00:03:03                           ;
+----------------------+--------------+-------------------------+---------------------+------------------------------------+


+----------------------------------------------------------------------------------------+
; Flow OS Summary                                                                        ;
+----------------------+------------------+----------------+------------+----------------+
; Module Name          ; Machine Hostname ; OS Name        ; OS Version ; Processor type ;
+----------------------+------------------+----------------+------------+----------------+
; Analysis & Synthesis ; cocsce-l3d22-08  ; Ubuntu 16.04.6 ; 16         ; x86_64         ;
; Fitter               ; cocsce-l3d22-08  ; Ubuntu 16.04.6 ; 16         ; x86_64         ;
; Assembler            ; cocsce-l3d22-08  ; Ubuntu 16.04.6 ; 16         ; x86_64         ;
; Timing Analyzer      ; cocsce-l3d22-08  ; Ubuntu 16.04.6 ; 16         ; x86_64         ;
; EDA Netlist Writer   ; cocsce-l3d22-08  ; Ubuntu 16.04.6 ; 16         ; x86_64         ;
+----------------------+------------------+----------------+------------+----------------+


------------
; Flow Log ;
------------
quartus_map --read_settings_files=on --write_settings_files=off lights -c lights
quartus_fit --read_settings_files=off --write_settings_files=off lights -c lights
quartus_asm --read_settings_files=off --write_settings_files=off lights -c lights
quartus_sta lights -c lights
quartus_eda --read_settings_files=off --write_settings_files=off lights -c lights



