Info: Starting: Create block symbol file (.bsf)
Info: qsys-generate /acct/mhensler/csce313/lights/nios_system.qsys --block-symbol-file --output-directory=/acct/mhensler/csce313/lights/nios_system --family="Cyclone IV E" --part=EP4CE115F29C7
Progress: Loading lights/nios_system.qsys
Progress: Reading input file
Progress: Adding clk_0 [clock_source 18.1]
Progress: Parameterizing module clk_0
Progress: Adding clk_1 [clock_source 18.1]
Progress: Parameterizing module clk_1
Progress: Adding hex0 [altera_avalon_pio 18.1]
Progress: Parameterizing module hex0
Progress: Adding hex1 [altera_avalon_pio 18.1]
Progress: Parameterizing module hex1
Progress: Adding hex2 [altera_avalon_pio 18.1]
Progress: Parameterizing module hex2
Progress: Adding hex3 [altera_avalon_pio 18.1]
Progress: Parameterizing module hex3
Progress: Adding hex4 [altera_avalon_pio 18.1]
Progress: Parameterizing module hex4
Progress: Adding hex5 [altera_avalon_pio 18.1]
Progress: Parameterizing module hex5
Progress: Adding hex6 [altera_avalon_pio 18.1]
Progress: Parameterizing module hex6
Progress: Adding hex7 [altera_avalon_pio 18.1]
Progress: Parameterizing module hex7
Progress: Adding jtag_uart_0 [altera_avalon_jtag_uart 18.1]
Progress: Parameterizing module jtag_uart_0
Progress: Adding keys [altera_avalon_pio 18.1]
Progress: Parameterizing module keys
Progress: Adding leds [altera_avalon_pio 18.1]
Progress: Parameterizing module leds
Progress: Adding new_sdram_controller_0 [altera_avalon_new_sdram_controller 18.1]
Progress: Parameterizing module new_sdram_controller_0
Progress: Adding nios2_gen2_0 [altera_nios2_gen2 18.1]
Progress: Parameterizing module nios2_gen2_0
Progress: Adding sys_sdram_pll_0 [altera_up_avalon_sys_sdram_pll 18.0]
Progress: Parameterizing module sys_sdram_pll_0
Progress: Building connections
Progress: Parameterizing connections
Progress: Validating
Progress: Done reading input file
Info: nios_system.jtag_uart_0: JTAG UART IP input clock need to be at least double (2x) the operating frequency of JTAG TCK on board
Info: nios_system.keys: PIO inputs are not hardwired in test bench. Undefined values will be read from PIO inputs during simulation.
Info: nios_system.new_sdram_controller_0: SDRAM Controller will only be supported in Quartus Prime Standard Edition in the future release.
Info: nios_system.sys_sdram_pll_0: Refclk Freq: 50.0
Info: qsys-generate succeeded.
Info: Finished: Create block symbol file (.bsf)
Info: 
Info: Starting: Create HDL design files for synthesis
Info: qsys-generate /acct/mhensler/csce313/lights/nios_system.qsys --synthesis=VERILOG --output-directory=/acct/mhensler/csce313/lights/nios_system/synthesis --family="Cyclone IV E" --part=EP4CE115F29C7
Progress: Loading lights/nios_system.qsys
Progress: Reading input file
Progress: Adding clk_0 [clock_source 18.1]
Progress: Parameterizing module clk_0
Progress: Adding clk_1 [clock_source 18.1]
Progress: Parameterizing module clk_1
Progress: Adding hex0 [altera_avalon_pio 18.1]
Progress: Parameterizing module hex0
Progress: Adding hex1 [altera_avalon_pio 18.1]
Progress: Parameterizing module hex1
Progress: Adding hex2 [altera_avalon_pio 18.1]
Progress: Parameterizing module hex2
Progress: Adding hex3 [altera_avalon_pio 18.1]
Progress: Parameterizing module hex3
Progress: Adding hex4 [altera_avalon_pio 18.1]
Progress: Parameterizing module hex4
Progress: Adding hex5 [altera_avalon_pio 18.1]
Progress: Parameterizing module hex5
Progress: Adding hex6 [altera_avalon_pio 18.1]
Progress: Parameterizing module hex6
Progress: Adding hex7 [altera_avalon_pio 18.1]
Progress: Parameterizing module hex7
Progress: Adding jtag_uart_0 [altera_avalon_jtag_uart 18.1]
Progress: Parameterizing module jtag_uart_0
Progress: Adding keys [altera_avalon_pio 18.1]
Progress: Parameterizing module keys
Progress: Adding leds [altera_avalon_pio 18.1]
Progress: Parameterizing module leds
Progress: Adding new_sdram_controller_0 [altera_avalon_new_sdram_controller 18.1]
Progress: Parameterizing module new_sdram_controller_0
Progress: Adding nios2_gen2_0 [altera_nios2_gen2 18.1]
Progress: Parameterizing module nios2_gen2_0
Progress: Adding sys_sdram_pll_0 [altera_up_avalon_sys_sdram_pll 18.0]
Progress: Parameterizing module sys_sdram_pll_0
Progress: Building connections
Progress: Parameterizing connections
Progress: Validating
Progress: Done reading input file
Info: nios_system.jtag_uart_0: JTAG UART IP input clock need to be at least double (2x) the operating frequency of JTAG TCK on board
Info: nios_system.keys: PIO inputs are not hardwired in test bench. Undefined values will be read from PIO inputs during simulation.
Info: nios_system.new_sdram_controller_0: SDRAM Controller will only be supported in Quartus Prime Standard Edition in the future release.
Info: nios_system.sys_sdram_pll_0: Refclk Freq: 50.0
Info: nios_system: Generating nios_system "nios_system" for QUARTUS_SYNTH
Info: Inserting clock-crossing logic between cmd_demux.src2 and cmd_mux_002.sink0
Info: Inserting clock-crossing logic between cmd_demux_001.src1 and cmd_mux_002.sink1
Info: Inserting clock-crossing logic between rsp_demux_002.src0 and rsp_mux.sink2
Info: Inserting clock-crossing logic between rsp_demux_002.src1 and rsp_mux_001.sink1
Info: hex0: Starting RTL generation for module 'nios_system_hex0'
Info: hex0:   Generation command is [exec /usr/local/3rdparty/altera/18.1/quartus/linux64/perl/bin/perl -I /usr/local/3rdparty/altera/18.1/quartus/linux64/perl/lib -I /usr/local/3rdparty/altera/18.1/quartus/sopc_builder/bin/europa -I /usr/local/3rdparty/altera/18.1/quartus/sopc_builder/bin/perl_lib -I /usr/local/3rdparty/altera/18.1/quartus/sopc_builder/bin -I /usr/local/3rdparty/altera/18.1/quartus/../ip/altera/sopc_builder_ip/common -I /usr/local/3rdparty/altera/18.1/quartus/../ip/altera/sopc_builder_ip/altera_avalon_pio -- /usr/local/3rdparty/altera/18.1/quartus/../ip/altera/sopc_builder_ip/altera_avalon_pio/generate_rtl.pl --name=nios_system_hex0 --dir=/tmp/alt8283_3735871294090228253.dir/0002_hex0_gen/ --quartus_dir=/usr/local/3rdparty/altera/18.1/quartus --verilog --config=/tmp/alt8283_3735871294090228253.dir/0002_hex0_gen//nios_system_hex0_component_configuration.pl  --do_build_sim=0  ]
Info: hex0: Done RTL generation for module 'nios_system_hex0'
Info: hex0: "nios_system" instantiated altera_avalon_pio "hex0"
Info: jtag_uart_0: Starting RTL generation for module 'nios_system_jtag_uart_0'
Info: jtag_uart_0:   Generation command is [exec /usr/local/3rdparty/altera/18.1/quartus/linux64/perl/bin/perl -I /usr/local/3rdparty/altera/18.1/quartus/linux64/perl/lib -I /usr/local/3rdparty/altera/18.1/quartus/sopc_builder/bin/europa -I /usr/local/3rdparty/altera/18.1/quartus/sopc_builder/bin/perl_lib -I /usr/local/3rdparty/altera/18.1/quartus/sopc_builder/bin -I /usr/local/3rdparty/altera/18.1/quartus/../ip/altera/sopc_builder_ip/common -I /usr/local/3rdparty/altera/18.1/quartus/../ip/altera/sopc_builder_ip/altera_avalon_jtag_uart -- /usr/local/3rdparty/altera/18.1/quartus/../ip/altera/sopc_builder_ip/altera_avalon_jtag_uart/generate_rtl.pl --name=nios_system_jtag_uart_0 --dir=/tmp/alt8283_3735871294090228253.dir/0003_jtag_uart_0_gen/ --quartus_dir=/usr/local/3rdparty/altera/18.1/quartus --verilog --config=/tmp/alt8283_3735871294090228253.dir/0003_jtag_uart_0_gen//nios_system_jtag_uart_0_component_configuration.pl  --do_build_sim=0  ]
Info: jtag_uart_0: Done RTL generation for module 'nios_system_jtag_uart_0'
Info: jtag_uart_0: "nios_system" instantiated altera_avalon_jtag_uart "jtag_uart_0"
Info: keys: Starting RTL generation for module 'nios_system_keys'
Info: keys:   Generation command is [exec /usr/local/3rdparty/altera/18.1/quartus/linux64/perl/bin/perl -I /usr/local/3rdparty/altera/18.1/quartus/linux64/perl/lib -I /usr/local/3rdparty/altera/18.1/quartus/sopc_builder/bin/europa -I /usr/local/3rdparty/altera/18.1/quartus/sopc_builder/bin/perl_lib -I /usr/local/3rdparty/altera/18.1/quartus/sopc_builder/bin -I /usr/local/3rdparty/altera/18.1/quartus/../ip/altera/sopc_builder_ip/common -I /usr/local/3rdparty/altera/18.1/quartus/../ip/altera/sopc_builder_ip/altera_avalon_pio -- /usr/local/3rdparty/altera/18.1/quartus/../ip/altera/sopc_builder_ip/altera_avalon_pio/generate_rtl.pl --name=nios_system_keys --dir=/tmp/alt8283_3735871294090228253.dir/0004_keys_gen/ --quartus_dir=/usr/local/3rdparty/altera/18.1/quartus --verilog --config=/tmp/alt8283_3735871294090228253.dir/0004_keys_gen//nios_system_keys_component_configuration.pl  --do_build_sim=0  ]
Info: keys: Done RTL generation for module 'nios_system_keys'
Info: keys: "nios_system" instantiated altera_avalon_pio "keys"
Info: leds: Starting RTL generation for module 'nios_system_leds'
Info: leds:   Generation command is [exec /usr/local/3rdparty/altera/18.1/quartus/linux64/perl/bin/perl -I /usr/local/3rdparty/altera/18.1/quartus/linux64/perl/lib -I /usr/local/3rdparty/altera/18.1/quartus/sopc_builder/bin/europa -I /usr/local/3rdparty/altera/18.1/quartus/sopc_builder/bin/perl_lib -I /usr/local/3rdparty/altera/18.1/quartus/sopc_builder/bin -I /usr/local/3rdparty/altera/18.1/quartus/../ip/altera/sopc_builder_ip/common -I /usr/local/3rdparty/altera/18.1/quartus/../ip/altera/sopc_builder_ip/altera_avalon_pio -- /usr/local/3rdparty/altera/18.1/quartus/../ip/altera/sopc_builder_ip/altera_avalon_pio/generate_rtl.pl --name=nios_system_leds --dir=/tmp/alt8283_3735871294090228253.dir/0005_leds_gen/ --quartus_dir=/usr/local/3rdparty/altera/18.1/quartus --verilog --config=/tmp/alt8283_3735871294090228253.dir/0005_leds_gen//nios_system_leds_component_configuration.pl  --do_build_sim=0  ]
Info: leds: Done RTL generation for module 'nios_system_leds'
Info: leds: "nios_system" instantiated altera_avalon_pio "leds"
Info: new_sdram_controller_0: Starting RTL generation for module 'nios_system_new_sdram_controller_0'
Info: new_sdram_controller_0:   Generation command is [exec /usr/local/3rdparty/altera/18.1/quartus/linux64/perl/bin/perl -I /usr/local/3rdparty/altera/18.1/quartus/linux64/perl/lib -I /usr/local/3rdparty/altera/18.1/quartus/sopc_builder/bin/europa -I /usr/local/3rdparty/altera/18.1/quartus/sopc_builder/bin/perl_lib -I /usr/local/3rdparty/altera/18.1/quartus/sopc_builder/bin -I /usr/local/3rdparty/altera/18.1/quartus/../ip/altera/sopc_builder_ip/common -I /usr/local/3rdparty/altera/18.1/quartus/../ip/altera/sopc_builder_ip/altera_avalon_new_sdram_controller -- /usr/local/3rdparty/altera/18.1/quartus/../ip/altera/sopc_builder_ip/altera_avalon_new_sdram_controller/generate_rtl.pl --name=nios_system_new_sdram_controller_0 --dir=/tmp/alt8283_3735871294090228253.dir/0006_new_sdram_controller_0_gen/ --quartus_dir=/usr/local/3rdparty/altera/18.1/quartus --verilog --config=/tmp/alt8283_3735871294090228253.dir/0006_new_sdram_controller_0_gen//nios_system_new_sdram_controller_0_component_configuration.pl  --do_build_sim=0  ]
Info: new_sdram_controller_0: Done RTL generation for module 'nios_system_new_sdram_controller_0'
Info: new_sdram_controller_0: "nios_system" instantiated altera_avalon_new_sdram_controller "new_sdram_controller_0"
Info: nios2_gen2_0: "nios_system" instantiated altera_nios2_gen2 "nios2_gen2_0"
Info: sys_sdram_pll_0: "nios_system" instantiated altera_up_avalon_sys_sdram_pll "sys_sdram_pll_0"
Info: avalon_st_adapter: Inserting error_adapter: error_adapter_0
Info: avalon_st_adapter_001: Inserting error_adapter: error_adapter_0
Info: avalon_st_adapter_002: Inserting error_adapter: error_adapter_0
Info: avalon_st_adapter_003: Inserting error_adapter: error_adapter_0
Info: avalon_st_adapter_004: Inserting error_adapter: error_adapter_0
Info: avalon_st_adapter_005: Inserting error_adapter: error_adapter_0
Info: avalon_st_adapter_006: Inserting error_adapter: error_adapter_0
Info: avalon_st_adapter_007: Inserting error_adapter: error_adapter_0
Info: avalon_st_adapter_008: Inserting error_adapter: error_adapter_0
Info: avalon_st_adapter_009: Inserting error_adapter: error_adapter_0
Info: avalon_st_adapter_010: Inserting error_adapter: error_adapter_0
Info: avalon_st_adapter_011: Inserting error_adapter: error_adapter_0
Info: avalon_st_adapter_012: Inserting error_adapter: error_adapter_0
Info: mm_interconnect_0: "nios_system" instantiated altera_mm_interconnect "mm_interconnect_0"
Info: irq_mapper: "nios_system" instantiated altera_irq_mapper "irq_mapper"
Info: rst_controller: "nios_system" instantiated altera_reset_controller "rst_controller"
Info: cpu: Starting RTL generation for module 'nios_system_nios2_gen2_0_cpu'
Info: cpu:   Generation command is [exec /usr/local/3rdparty/altera/18.1/quartus/linux64//eperlcmd -I /usr/local/3rdparty/altera/18.1/quartus/linux64//perl/lib -I /usr/local/3rdparty/altera/18.1/quartus/sopc_builder/bin/europa -I /usr/local/3rdparty/altera/18.1/quartus/sopc_builder/bin/perl_lib -I /usr/local/3rdparty/altera/18.1/quartus/sopc_builder/bin -I /usr/local/3rdparty/altera/18.1/quartus/../ip/altera/nios2_ip/altera_nios2_gen2/cpu_lib -I /usr/local/3rdparty/altera/18.1/quartus/../ip/altera/nios2_ip/altera_nios2_gen2/nios_lib -I /usr/local/3rdparty/altera/18.1/quartus/../ip/altera/nios2_ip/altera_nios2_gen2 -I /usr/local/3rdparty/altera/18.1/quartus/../ip/altera/nios2_ip/altera_nios2_gen2 -- /usr/local/3rdparty/altera/18.1/quartus/../ip/altera/nios2_ip/altera_nios2_gen2/generate_rtl.epl --name=nios_system_nios2_gen2_0_cpu --dir=/tmp/alt8283_3735871294090228253.dir/0009_cpu_gen/ --quartus_bindir=/usr/local/3rdparty/altera/18.1/quartus/linux64/ --verilog --config=/tmp/alt8283_3735871294090228253.dir/0009_cpu_gen//nios_system_nios2_gen2_0_cpu_processor_configuration.pl  --do_build_sim=0  ]
Info: cpu: # 2020.01.22 16:01:55 (*) Starting Nios II generation
Info: cpu: # 2020.01.22 16:01:55 (*)   Checking for plaintext license.
Info: cpu: # 2020.01.22 16:01:55 (*)   Couldn't query license setup in Quartus directory /usr/local/3rdparty/altera/18.1/quartus/linux64/
Info: cpu: # 2020.01.22 16:01:55 (*)   Defaulting to contents of LM_LICENSE_FILE environment variable
Info: cpu: # 2020.01.22 16:01:55 (*)   Plaintext license not found.
Info: cpu: # 2020.01.22 16:01:55 (*)   Checking for encrypted license (non-evaluation).
Info: cpu: # 2020.01.22 16:01:56 (*)   Couldn't query license setup in Quartus directory /usr/local/3rdparty/altera/18.1/quartus/linux64/
Info: cpu: # 2020.01.22 16:01:56 (*)   Defaulting to contents of LM_LICENSE_FILE environment variable
Info: cpu: # 2020.01.22 16:01:56 (*)   Encrypted license found.  SOF will not be time-limited.
Info: cpu: # 2020.01.22 16:01:56 (*)   Elaborating CPU configuration settings
Info: cpu: # 2020.01.22 16:01:56 (*)   Creating all objects for CPU
Info: cpu: # 2020.01.22 16:01:56 (*)     Testbench
Info: cpu: # 2020.01.22 16:01:56 (*)     Instruction decoding
Info: cpu: # 2020.01.22 16:01:56 (*)       Instruction fields
Info: cpu: # 2020.01.22 16:01:56 (*)       Instruction decodes
Info: cpu: # 2020.01.22 16:01:56 (*)       Signals for RTL simulation waveforms
Info: cpu: # 2020.01.22 16:01:57 (*)       Instruction controls
Info: cpu: # 2020.01.22 16:01:57 (*)     Pipeline frontend
Info: cpu: # 2020.01.22 16:01:57 (*)     Pipeline backend
Info: cpu: # 2020.01.22 16:01:58 (*)   Generating RTL from CPU objects
Info: cpu: # 2020.01.22 16:01:59 (*)   Creating encrypted RTL
Info: cpu: # 2020.01.22 16:02:00 (*) Done Nios II generation
Info: cpu: Done RTL generation for module 'nios_system_nios2_gen2_0_cpu'
Info: cpu: "nios2_gen2_0" instantiated altera_nios2_gen2_unit "cpu"
Info: sys_pll: "sys_sdram_pll_0" instantiated altera_up_altpll "sys_pll"
Info: reset_from_locked: "sys_sdram_pll_0" instantiated altera_up_avalon_reset_from_locked_signal "reset_from_locked"
Info: nios2_gen2_0_data_master_translator: "mm_interconnect_0" instantiated altera_merlin_master_translator "nios2_gen2_0_data_master_translator"
Info: jtag_uart_0_avalon_jtag_slave_translator: "mm_interconnect_0" instantiated altera_merlin_slave_translator "jtag_uart_0_avalon_jtag_slave_translator"
Info: nios2_gen2_0_data_master_agent: "mm_interconnect_0" instantiated altera_merlin_master_agent "nios2_gen2_0_data_master_agent"
Info: jtag_uart_0_avalon_jtag_slave_agent: "mm_interconnect_0" instantiated altera_merlin_slave_agent "jtag_uart_0_avalon_jtag_slave_agent"
Info: jtag_uart_0_avalon_jtag_slave_agent_rsp_fifo: "mm_interconnect_0" instantiated altera_avalon_sc_fifo "jtag_uart_0_avalon_jtag_slave_agent_rsp_fifo"
Info: router: "mm_interconnect_0" instantiated altera_merlin_router "router"
Info: router_001: "mm_interconnect_0" instantiated altera_merlin_router "router_001"
Info: router_002: "mm_interconnect_0" instantiated altera_merlin_router "router_002"
Info: router_003: "mm_interconnect_0" instantiated altera_merlin_router "router_003"
Info: nios2_gen2_0_data_master_limiter: "mm_interconnect_0" instantiated altera_merlin_traffic_limiter "nios2_gen2_0_data_master_limiter"
Info: Reusing file /acct/mhensler/csce313/lights/nios_system/synthesis/submodules/altera_avalon_sc_fifo.v
Info: cmd_demux: "mm_interconnect_0" instantiated altera_merlin_demultiplexer "cmd_demux"
Info: cmd_demux_001: "mm_interconnect_0" instantiated altera_merlin_demultiplexer "cmd_demux_001"
Info: cmd_mux: "mm_interconnect_0" instantiated altera_merlin_multiplexer "cmd_mux"
Info: cmd_mux_001: "mm_interconnect_0" instantiated altera_merlin_multiplexer "cmd_mux_001"
Info: Reusing file /acct/mhensler/csce313/lights/nios_system/synthesis/submodules/altera_merlin_arbitrator.sv
Info: rsp_demux: "mm_interconnect_0" instantiated altera_merlin_demultiplexer "rsp_demux"
Info: rsp_demux_001: "mm_interconnect_0" instantiated altera_merlin_demultiplexer "rsp_demux_001"
Info: rsp_mux: "mm_interconnect_0" instantiated altera_merlin_multiplexer "rsp_mux"
Info: Reusing file /acct/mhensler/csce313/lights/nios_system/synthesis/submodules/altera_merlin_arbitrator.sv
Info: rsp_mux_001: "mm_interconnect_0" instantiated altera_merlin_multiplexer "rsp_mux_001"
Info: Reusing file /acct/mhensler/csce313/lights/nios_system/synthesis/submodules/altera_merlin_arbitrator.sv
Info: crosser: "mm_interconnect_0" instantiated altera_avalon_st_handshake_clock_crosser "crosser"
Info: Reusing file /acct/mhensler/csce313/lights/nios_system/synthesis/submodules/altera_avalon_st_pipeline_base.v
Info: avalon_st_adapter: "mm_interconnect_0" instantiated altera_avalon_st_adapter "avalon_st_adapter"
Info: error_adapter_0: "avalon_st_adapter" instantiated error_adapter "error_adapter_0"
Info: nios_system: Done "nios_system" with 35 modules, 57 files
Info: qsys-generate succeeded.
Info: Finished: Create HDL design files for synthesis
